[debug] [2019-12-05T13:53:21.516Z] ----------------------------------------------------------------------
[debug] [2019-12-05T13:53:21.519Z] Command:       /usr/local/bin/node /usr/local/bin/firebase init
[debug] [2019-12-05T13:53:21.519Z] CLI Version:   7.9.0
[debug] [2019-12-05T13:53:21.519Z] Platform:      darwin
[debug] [2019-12-05T13:53:21.519Z] Node Version:  v12.13.1
[debug] [2019-12-05T13:53:21.521Z] Time:          Thu Dec 05 2019 14:53:21 GMT+0100 (West Africa Standard Time)
[debug] [2019-12-05T13:53:21.521Z] ----------------------------------------------------------------------
[debug] [2019-12-05T13:53:21.521Z] 
[debug] [2019-12-05T13:53:21.537Z] > command requires scopes: ["email","openid","https://www.googleapis.com/auth/cloudplatformprojects.readonly","https://www.googleapis.com/auth/firebase","https://www.googleapis.com/auth/cloud-platform"]
[debug] [2019-12-05T13:53:21.538Z] > authorizing via signed-in user
[info] 
     ######## #### ########  ######## ########     ###     ######  ########
     ##        ##  ##     ## ##       ##     ##  ##   ##  ##       ##
     ######    ##  ########  ######   ########  #########  ######  ######
     ##        ##  ##    ##  ##       ##     ## ##     ##       ## ##
     ##       #### ##     ## ######## ########  ##     ##  ######  ########

You're about to initialize a Firebase project in this directory:

  /Users/user2017/Downloads/michaelz-cashbox-backend-master

[info] 
=== Project Setup
[info] 
[info] First, let's associate this project directory with a Firebase project.
[info] You can create multiple project aliases by running firebase use --add, 
[info] but for now we'll just set up a default project.
[info] 
[info] i  If you want to create a project in a Google Cloud organization or folder, please use "firebase projects:create" instead, and return to this command when you've created the project.
[debug] [2019-12-05T13:54:23.065Z] > refreshing access token with scopes: ["email","https://www.googleapis.com/auth/cloud-platform","https://www.googleapis.com/auth/cloudplatformprojects.readonly","https://www.googleapis.com/auth/firebase","openid"]
[debug] [2019-12-05T13:54:23.065Z] >>> HTTP REQUEST POST https://www.googleapis.com/oauth2/v3/token  
 <request body omitted>
[debug] [2019-12-05T13:54:23.818Z] <<< HTTP RESPONSE 200
[debug] [2019-12-05T13:54:23.851Z] >>> HTTP REQUEST POST https://cloudresourcemanager.googleapis.com/v1/projects  

[debug] [2019-12-05T13:54:25.540Z] <<< HTTP RESPONSE 400
[debug] [2019-12-05T13:54:25.540Z] <<< HTTP RESPONSE BODY
[debug] [2019-12-05T13:54:25.546Z] HTTP Error: 400, field [project_id] has issue [project_id contains invalid characters]
[debug] [2019-12-05T13:54:25.549Z] FirebaseError: HTTP Error: 400, field [project_id] has issue [project_id contains invalid characters]
    at module.exports (/usr/local/lib/node_modules/firebase-tools/lib/responseToError.js:38:12)
    at Request._callback (/usr/local/lib/node_modules/firebase-tools/lib/api.js:39:35)
    at Request.self.callback (/usr/local/lib/node_modules/firebase-tools/node_modules/request/request.js:185:22)
    at Request.emit (events.js:210:5)
    at Request.EventEmitter.emit (domain.js:475:20)
    at Request.<anonymous> (/usr/local/lib/node_modules/firebase-tools/node_modules/request/request.js:1161:10)
    at Request.emit (events.js:210:5)
    at Request.EventEmitter.emit (domain.js:475:20)
    at IncomingMessage.<anonymous> (/usr/local/lib/node_modules/firebase-tools/node_modules/request/request.js:1083:12)
    at Object.onceWrapper (events.js:299:28)
    at IncomingMessage.emit (events.js:215:7)
    at IncomingMessage.EventEmitter.emit (domain.js:475:20)
    at endReadableNT (_stream_readable.js:1184:12)
    at processTicksAndRejections (internal/process/task_queues.js:80:21)
[error] 
[error] Error: Failed to create Google Cloud project. See firebase-debug.log for more info.
